d:\mycode\vscpp\gobang\gobang\debug\vc142.pdb
d:\mycode\vscpp\gobang\gobang\debug\vc142.idb
d:\mycode\vscpp\gobang\gobang\debug\源.obj
d:\mycode\vscpp\gobang\gobang\debug\main.obj
d:\mycode\vscpp\gobang\gobang\debug\gobang.obj
d:\mycode\vscpp\gobang\gobang\debug\源.obj.enc
d:\mycode\vscpp\gobang\debug\gobang.pdb
d:\mycode\vscpp\gobang\gobang\debug\gobang.tlog\cl.command.1.tlog
d:\mycode\vscpp\gobang\gobang\debug\gobang.tlog\cl.read.1.tlog
d:\mycode\vscpp\gobang\gobang\debug\gobang.tlog\cl.write.1.tlog
d:\mycode\vscpp\gobang\gobang\debug\gobang.tlog\link-cvtres.read.1.tlog
d:\mycode\vscpp\gobang\gobang\debug\gobang.tlog\link-cvtres.write.1.tlog
d:\mycode\vscpp\gobang\gobang\debug\gobang.tlog\link-rc.read.1.tlog
d:\mycode\vscpp\gobang\gobang\debug\gobang.tlog\link-rc.write.1.tlog
d:\mycode\vscpp\gobang\gobang\debug\gobang.tlog\link.3160-cvtres.read.1.tlog
d:\mycode\vscpp\gobang\gobang\debug\gobang.tlog\link.3160-cvtres.write.1.tlog
d:\mycode\vscpp\gobang\gobang\debug\gobang.tlog\link.3160-rc.read.1.tlog
d:\mycode\vscpp\gobang\gobang\debug\gobang.tlog\link.3160-rc.write.1.tlog
d:\mycode\vscpp\gobang\gobang\debug\gobang.tlog\link.3160.read.1.tlog
d:\mycode\vscpp\gobang\gobang\debug\gobang.tlog\link.3160.write.1.tlog
d:\mycode\vscpp\gobang\gobang\debug\gobang.tlog\link.command.1.tlog
d:\mycode\vscpp\gobang\gobang\debug\gobang.tlog\link.read.1.tlog
d:\mycode\vscpp\gobang\gobang\debug\gobang.tlog\link.write.1.tlog
